<?xml version="1.0" encoding="UTF-8"?>
<!-- Generated by org.testng.reporters.JUnitReportReporter -->
<testsuite skipped="0" hostname="SHRI" name="runners.DemoBlazeRunner" tests="7" failures="0" timestamp="2023-03-16T15:55:33 IST" time="248.449" errors="7">
  <testcase name="runScenario" time="50.254" classname="runners.DemoBlazeRunner">
    <error type="org.openqa.selenium.TimeoutException" message="timeout: Timed out receiving message from renderer: 48.102
  (Session info: MicrosoftEdge=111.0.1661.41)
Build info: version: &#039;4.6.0&#039;, revision: &#039;79f1c02ae20&#039;
System info: os.name: &#039;Windows 10&#039;, os.arch: &#039;amd64&#039;, os.version: &#039;10.0&#039;, java.version: &#039;1.8.0_202&#039;
Driver info: org.openqa.selenium.edge.EdgeDriver
Command: [0d523fd3e94f4be2fbca1e9cc962912c, get {url=https://www.demoblaze.com/index.html}]
Capabilities {acceptInsecureCerts: false, browserName: msedge, browserVersion: 111.0.1661.41, ms:edgeOptions: {debuggerAddress: localhost:3842}, msedge: {msedgedriverVersion: 111.0.1661.43 (b6e9cbf64f5a..., userDataDir: C:\Users\HP\AppData\Local\T...}, networkConnectionEnabled: false, pageLoadStrategy: normal, platformName: WINDOWS, proxy: Proxy(), se:cdp: ws://localhost:3842/devtool..., se:cdpVersion: 111.0.1661.41, setWindowRect: true, strictFileInteractability: false, timeouts: {implicit: 0, pageLoad: 300000, script: 30000}, unhandledPromptBehavior: dismiss and notify, webauthn:extension:credBlob: true, webauthn:extension:largeBlob: true, webauthn:extension:minPinLength: true, webauthn:extension:prf: true, webauthn:virtualAuthenticators: true}
Session ID: 0d523fd3e94f4be2fbca1e9cc962912c">
      <![CDATA[org.openqa.selenium.TimeoutException: timeout: Timed out receiving message from renderer: 48.102
  (Session info: MicrosoftEdge=111.0.1661.41)
Build info: version: '4.6.0', revision: '79f1c02ae20'
System info: os.name: 'Windows 10', os.arch: 'amd64', os.version: '10.0', java.version: '1.8.0_202'
Driver info: org.openqa.selenium.edge.EdgeDriver
Command: [0d523fd3e94f4be2fbca1e9cc962912c, get {url=https://www.demoblaze.com/index.html}]
Capabilities {acceptInsecureCerts: false, browserName: msedge, browserVersion: 111.0.1661.41, ms:edgeOptions: {debuggerAddress: localhost:3842}, msedge: {msedgedriverVersion: 111.0.1661.43 (b6e9cbf64f5a..., userDataDir: C:\Users\HP\AppData\Local\T...}, networkConnectionEnabled: false, pageLoadStrategy: normal, platformName: WINDOWS, proxy: Proxy(), se:cdp: ws://localhost:3842/devtool..., se:cdpVersion: 111.0.1661.41, setWindowRect: true, strictFileInteractability: false, timeouts: {implicit: 0, pageLoad: 300000, script: 30000}, unhandledPromptBehavior: dismiss and notify, webauthn:extension:credBlob: true, webauthn:extension:largeBlob: true, webauthn:extension:minPinLength: true, webauthn:extension:prf: true, webauthn:virtualAuthenticators: true}
Session ID: 0d523fd3e94f4be2fbca1e9cc962912c
at sun.reflect.NativeConstructorAccessorImpl.newInstance0(Native Method)
at sun.reflect.NativeConstructorAccessorImpl.newInstance(NativeConstructorAccessorImpl.java:62)
at sun.reflect.DelegatingConstructorAccessorImpl.newInstance(DelegatingConstructorAccessorImpl.java:45)
at java.lang.reflect.Constructor.newInstance(Constructor.java:423)
at org.openqa.selenium.remote.codec.w3c.W3CHttpResponseCodec.createException(W3CHttpResponseCodec.java:200)
at org.openqa.selenium.remote.codec.w3c.W3CHttpResponseCodec.decode(W3CHttpResponseCodec.java:133)
at org.openqa.selenium.remote.codec.w3c.W3CHttpResponseCodec.decode(W3CHttpResponseCodec.java:53)
at org.openqa.selenium.remote.HttpCommandExecutor.execute(HttpCommandExecutor.java:184)
at org.openqa.selenium.remote.service.DriverCommandExecutor.invokeExecute(DriverCommandExecutor.java:167)
at org.openqa.selenium.remote.service.DriverCommandExecutor.execute(DriverCommandExecutor.java:142)
at org.openqa.selenium.remote.RemoteWebDriver.execute(RemoteWebDriver.java:541)
at org.openqa.selenium.remote.RemoteWebDriver.get(RemoteWebDriver.java:310)
at stepsDefs.DemoBlazeStepDef.user_is_on_launch_page(DemoBlazeStepDef.java:36)
at ✽.User is on Launch Page(file:///D:/SDET%20training%20WS/CucumberCaseStudy/src/test/resources/features/demoBlazeBDD.feature:4)
]]>
    </error>
  </testcase> <!-- runScenario -->
  <system-out/>
  <testcase name="runScenario" time="10.745" classname="runners.DemoBlazeRunner">
    <error type="org.openqa.selenium.NoSuchWindowException" message="no such window: target window already closed
from unknown error: web view not found
  (Session info: MicrosoftEdge=111.0.1661.41)
Build info: version: &#039;4.6.0&#039;, revision: &#039;79f1c02ae20&#039;
System info: os.name: &#039;Windows 10&#039;, os.arch: &#039;amd64&#039;, os.version: &#039;10.0&#039;, java.version: &#039;1.8.0_202&#039;
Driver info: org.openqa.selenium.edge.EdgeDriver
Command: [0d523fd3e94f4be2fbca1e9cc962912c, findElement {using=partial link text, value=Samsung galaxy s7}]
Capabilities {acceptInsecureCerts: false, browserName: msedge, browserVersion: 111.0.1661.41, ms:edgeOptions: {debuggerAddress: localhost:3842}, msedge: {msedgedriverVersion: 111.0.1661.43 (b6e9cbf64f5a..., userDataDir: C:\Users\HP\AppData\Local\T...}, networkConnectionEnabled: false, pageLoadStrategy: normal, platformName: WINDOWS, proxy: Proxy(), se:cdp: ws://localhost:3842/devtool..., se:cdpVersion: 111.0.1661.41, setWindowRect: true, strictFileInteractability: false, timeouts: {implicit: 0, pageLoad: 300000, script: 30000}, unhandledPromptBehavior: dismiss and notify, webauthn:extension:credBlob: true, webauthn:extension:largeBlob: true, webauthn:extension:minPinLength: true, webauthn:extension:prf: true, webauthn:virtualAuthenticators: true}
Session ID: 0d523fd3e94f4be2fbca1e9cc962912c">
      <![CDATA[org.openqa.selenium.NoSuchWindowException: no such window: target window already closed
from unknown error: web view not found
  (Session info: MicrosoftEdge=111.0.1661.41)
Build info: version: '4.6.0', revision: '79f1c02ae20'
System info: os.name: 'Windows 10', os.arch: 'amd64', os.version: '10.0', java.version: '1.8.0_202'
Driver info: org.openqa.selenium.edge.EdgeDriver
Command: [0d523fd3e94f4be2fbca1e9cc962912c, findElement {using=partial link text, value=Samsung galaxy s7}]
Capabilities {acceptInsecureCerts: false, browserName: msedge, browserVersion: 111.0.1661.41, ms:edgeOptions: {debuggerAddress: localhost:3842}, msedge: {msedgedriverVersion: 111.0.1661.43 (b6e9cbf64f5a..., userDataDir: C:\Users\HP\AppData\Local\T...}, networkConnectionEnabled: false, pageLoadStrategy: normal, platformName: WINDOWS, proxy: Proxy(), se:cdp: ws://localhost:3842/devtool..., se:cdpVersion: 111.0.1661.41, setWindowRect: true, strictFileInteractability: false, timeouts: {implicit: 0, pageLoad: 300000, script: 30000}, unhandledPromptBehavior: dismiss and notify, webauthn:extension:credBlob: true, webauthn:extension:largeBlob: true, webauthn:extension:minPinLength: true, webauthn:extension:prf: true, webauthn:virtualAuthenticators: true}
Session ID: 0d523fd3e94f4be2fbca1e9cc962912c
at sun.reflect.NativeConstructorAccessorImpl.newInstance0(Native Method)
at sun.reflect.NativeConstructorAccessorImpl.newInstance(NativeConstructorAccessorImpl.java:62)
at sun.reflect.DelegatingConstructorAccessorImpl.newInstance(DelegatingConstructorAccessorImpl.java:45)
at java.lang.reflect.Constructor.newInstance(Constructor.java:423)
at org.openqa.selenium.remote.codec.w3c.W3CHttpResponseCodec.createException(W3CHttpResponseCodec.java:200)
at org.openqa.selenium.remote.codec.w3c.W3CHttpResponseCodec.decode(W3CHttpResponseCodec.java:133)
at org.openqa.selenium.remote.codec.w3c.W3CHttpResponseCodec.decode(W3CHttpResponseCodec.java:53)
at org.openqa.selenium.remote.HttpCommandExecutor.execute(HttpCommandExecutor.java:184)
at org.openqa.selenium.remote.service.DriverCommandExecutor.invokeExecute(DriverCommandExecutor.java:167)
at org.openqa.selenium.remote.service.DriverCommandExecutor.execute(DriverCommandExecutor.java:142)
at org.openqa.selenium.remote.RemoteWebDriver.execute(RemoteWebDriver.java:541)
at org.openqa.selenium.remote.ElementLocation$ElementFinder$2.findElement(ElementLocation.java:162)
at org.openqa.selenium.remote.ElementLocation.findElement(ElementLocation.java:60)
at org.openqa.selenium.remote.RemoteWebDriver.findElement(RemoteWebDriver.java:365)
at org.openqa.selenium.remote.RemoteWebDriver.findElement(RemoteWebDriver.java:357)
at stepsDefs.DemoBlazeStepDef.user_add_an_to_the_cart(DemoBlazeStepDef.java:57)
at ✽.User add an "Samsung galaxy s7" to the cart(file:///D:/SDET%20training%20WS/CucumberCaseStudy/src/test/resources/features/demoBlazeBDD.feature:10)
]]>
    </error>
  </testcase> <!-- runScenario -->
  <system-out/>
  <testcase name="runScenario" time="0.061" classname="runners.DemoBlazeRunner">
    <error type="org.openqa.selenium.NoSuchWindowException" message="no such window: target window already closed
from unknown error: web view not found
  (Session info: MicrosoftEdge=111.0.1661.41)
Build info: version: &#039;4.6.0&#039;, revision: &#039;79f1c02ae20&#039;
System info: os.name: &#039;Windows 10&#039;, os.arch: &#039;amd64&#039;, os.version: &#039;10.0&#039;, java.version: &#039;1.8.0_202&#039;
Driver info: org.openqa.selenium.edge.EdgeDriver
Command: [0d523fd3e94f4be2fbca1e9cc962912c, findElements {using=xpath, value=//td}]
Capabilities {acceptInsecureCerts: false, browserName: msedge, browserVersion: 111.0.1661.41, ms:edgeOptions: {debuggerAddress: localhost:3842}, msedge: {msedgedriverVersion: 111.0.1661.43 (b6e9cbf64f5a..., userDataDir: C:\Users\HP\AppData\Local\T...}, networkConnectionEnabled: false, pageLoadStrategy: normal, platformName: WINDOWS, proxy: Proxy(), se:cdp: ws://localhost:3842/devtool..., se:cdpVersion: 111.0.1661.41, setWindowRect: true, strictFileInteractability: false, timeouts: {implicit: 0, pageLoad: 300000, script: 30000}, unhandledPromptBehavior: dismiss and notify, webauthn:extension:credBlob: true, webauthn:extension:largeBlob: true, webauthn:extension:minPinLength: true, webauthn:extension:prf: true, webauthn:virtualAuthenticators: true}
Session ID: 0d523fd3e94f4be2fbca1e9cc962912c">
      <![CDATA[org.openqa.selenium.NoSuchWindowException: no such window: target window already closed
from unknown error: web view not found
  (Session info: MicrosoftEdge=111.0.1661.41)
Build info: version: '4.6.0', revision: '79f1c02ae20'
System info: os.name: 'Windows 10', os.arch: 'amd64', os.version: '10.0', java.version: '1.8.0_202'
Driver info: org.openqa.selenium.edge.EdgeDriver
Command: [0d523fd3e94f4be2fbca1e9cc962912c, findElements {using=xpath, value=//td}]
Capabilities {acceptInsecureCerts: false, browserName: msedge, browserVersion: 111.0.1661.41, ms:edgeOptions: {debuggerAddress: localhost:3842}, msedge: {msedgedriverVersion: 111.0.1661.43 (b6e9cbf64f5a..., userDataDir: C:\Users\HP\AppData\Local\T...}, networkConnectionEnabled: false, pageLoadStrategy: normal, platformName: WINDOWS, proxy: Proxy(), se:cdp: ws://localhost:3842/devtool..., se:cdpVersion: 111.0.1661.41, setWindowRect: true, strictFileInteractability: false, timeouts: {implicit: 0, pageLoad: 300000, script: 30000}, unhandledPromptBehavior: dismiss and notify, webauthn:extension:credBlob: true, webauthn:extension:largeBlob: true, webauthn:extension:minPinLength: true, webauthn:extension:prf: true, webauthn:virtualAuthenticators: true}
Session ID: 0d523fd3e94f4be2fbca1e9cc962912c
at sun.reflect.NativeConstructorAccessorImpl.newInstance0(Native Method)
at sun.reflect.NativeConstructorAccessorImpl.newInstance(NativeConstructorAccessorImpl.java:62)
at sun.reflect.DelegatingConstructorAccessorImpl.newInstance(DelegatingConstructorAccessorImpl.java:45)
at java.lang.reflect.Constructor.newInstance(Constructor.java:423)
at org.openqa.selenium.remote.codec.w3c.W3CHttpResponseCodec.createException(W3CHttpResponseCodec.java:200)
at org.openqa.selenium.remote.codec.w3c.W3CHttpResponseCodec.decode(W3CHttpResponseCodec.java:133)
at org.openqa.selenium.remote.codec.w3c.W3CHttpResponseCodec.decode(W3CHttpResponseCodec.java:53)
at org.openqa.selenium.remote.HttpCommandExecutor.execute(HttpCommandExecutor.java:184)
at org.openqa.selenium.remote.service.DriverCommandExecutor.invokeExecute(DriverCommandExecutor.java:167)
at org.openqa.selenium.remote.service.DriverCommandExecutor.execute(DriverCommandExecutor.java:142)
at org.openqa.selenium.remote.RemoteWebDriver.execute(RemoteWebDriver.java:541)
at org.openqa.selenium.remote.ElementLocation$ElementFinder$2.findElements(ElementLocation.java:179)
at org.openqa.selenium.remote.ElementLocation.findElements(ElementLocation.java:102)
at org.openqa.selenium.remote.RemoteWebDriver.findElements(RemoteWebDriver.java:380)
at org.openqa.selenium.remote.RemoteWebDriver.findElements(RemoteWebDriver.java:372)
at stepsDefs.DemoBlazeStepDef.user_is_on_cart_page(DemoBlazeStepDef.java:81)
at ✽.User is on Cart Page(file:///D:/SDET%20training%20WS/CucumberCaseStudy/src/test/resources/features/demoBlazeBDD.feature:25)
]]>
    </error>
  </testcase> <!-- runScenario -->
  <system-out/>
  <testcase name="runScenario" time="50.147" classname="runners.DemoBlazeRunner">
    <error type="org.openqa.selenium.TimeoutException" message="timeout: Timed out receiving message from renderer: 34.952
  (Session info: MicrosoftEdge=111.0.1661.41)
Build info: version: &#039;4.6.0&#039;, revision: &#039;79f1c02ae20&#039;
System info: os.name: &#039;Windows 10&#039;, os.arch: &#039;amd64&#039;, os.version: &#039;10.0&#039;, java.version: &#039;1.8.0_202&#039;
Driver info: org.openqa.selenium.edge.EdgeDriver
Command: [0d523fd3e94f4be2fbca1e9cc962912c, get {url=https://www.demoblaze.com/index.html}]
Capabilities {acceptInsecureCerts: false, browserName: msedge, browserVersion: 111.0.1661.41, ms:edgeOptions: {debuggerAddress: localhost:3842}, msedge: {msedgedriverVersion: 111.0.1661.43 (b6e9cbf64f5a..., userDataDir: C:\Users\HP\AppData\Local\T...}, networkConnectionEnabled: false, pageLoadStrategy: normal, platformName: WINDOWS, proxy: Proxy(), se:cdp: ws://localhost:3842/devtool..., se:cdpVersion: 111.0.1661.41, setWindowRect: true, strictFileInteractability: false, timeouts: {implicit: 0, pageLoad: 300000, script: 30000}, unhandledPromptBehavior: dismiss and notify, webauthn:extension:credBlob: true, webauthn:extension:largeBlob: true, webauthn:extension:minPinLength: true, webauthn:extension:prf: true, webauthn:virtualAuthenticators: true}
Session ID: 0d523fd3e94f4be2fbca1e9cc962912c">
      <![CDATA[org.openqa.selenium.TimeoutException: timeout: Timed out receiving message from renderer: 34.952
  (Session info: MicrosoftEdge=111.0.1661.41)
Build info: version: '4.6.0', revision: '79f1c02ae20'
System info: os.name: 'Windows 10', os.arch: 'amd64', os.version: '10.0', java.version: '1.8.0_202'
Driver info: org.openqa.selenium.edge.EdgeDriver
Command: [0d523fd3e94f4be2fbca1e9cc962912c, get {url=https://www.demoblaze.com/index.html}]
Capabilities {acceptInsecureCerts: false, browserName: msedge, browserVersion: 111.0.1661.41, ms:edgeOptions: {debuggerAddress: localhost:3842}, msedge: {msedgedriverVersion: 111.0.1661.43 (b6e9cbf64f5a..., userDataDir: C:\Users\HP\AppData\Local\T...}, networkConnectionEnabled: false, pageLoadStrategy: normal, platformName: WINDOWS, proxy: Proxy(), se:cdp: ws://localhost:3842/devtool..., se:cdpVersion: 111.0.1661.41, setWindowRect: true, strictFileInteractability: false, timeouts: {implicit: 0, pageLoad: 300000, script: 30000}, unhandledPromptBehavior: dismiss and notify, webauthn:extension:credBlob: true, webauthn:extension:largeBlob: true, webauthn:extension:minPinLength: true, webauthn:extension:prf: true, webauthn:virtualAuthenticators: true}
Session ID: 0d523fd3e94f4be2fbca1e9cc962912c
at sun.reflect.NativeConstructorAccessorImpl.newInstance0(Native Method)
at sun.reflect.NativeConstructorAccessorImpl.newInstance(NativeConstructorAccessorImpl.java:62)
at sun.reflect.DelegatingConstructorAccessorImpl.newInstance(DelegatingConstructorAccessorImpl.java:45)
at java.lang.reflect.Constructor.newInstance(Constructor.java:423)
at org.openqa.selenium.remote.codec.w3c.W3CHttpResponseCodec.createException(W3CHttpResponseCodec.java:200)
at org.openqa.selenium.remote.codec.w3c.W3CHttpResponseCodec.decode(W3CHttpResponseCodec.java:133)
at org.openqa.selenium.remote.codec.w3c.W3CHttpResponseCodec.decode(W3CHttpResponseCodec.java:53)
at org.openqa.selenium.remote.HttpCommandExecutor.execute(HttpCommandExecutor.java:184)
at org.openqa.selenium.remote.service.DriverCommandExecutor.invokeExecute(DriverCommandExecutor.java:167)
at org.openqa.selenium.remote.service.DriverCommandExecutor.execute(DriverCommandExecutor.java:142)
at org.openqa.selenium.remote.RemoteWebDriver.execute(RemoteWebDriver.java:541)
at org.openqa.selenium.remote.RemoteWebDriver.get(RemoteWebDriver.java:310)
at stepsDefs.DemoBlazeStepDef.user_is_on_launch_page(DemoBlazeStepDef.java:36)
at ✽.User is on Launch Page(file:///D:/SDET%20training%20WS/CucumberCaseStudy/src/test/resources/features/demoBlazeBDD.feature:9)
]]>
    </error>
  </testcase> <!-- runScenario -->
  <system-out/>
  <testcase name="runScenario" time="0.166" classname="runners.DemoBlazeRunner">
    <error type="org.openqa.selenium.NoSuchWindowException" message="no such window: target window already closed
from unknown error: web view not found
  (Session info: MicrosoftEdge=111.0.1661.41)
Build info: version: &#039;4.6.0&#039;, revision: &#039;79f1c02ae20&#039;
System info: os.name: &#039;Windows 10&#039;, os.arch: &#039;amd64&#039;, os.version: &#039;10.0&#039;, java.version: &#039;1.8.0_202&#039;
Driver info: org.openqa.selenium.edge.EdgeDriver
Command: [0d523fd3e94f4be2fbca1e9cc962912c, findElements {using=xpath, value=//td}]
Capabilities {acceptInsecureCerts: false, browserName: msedge, browserVersion: 111.0.1661.41, ms:edgeOptions: {debuggerAddress: localhost:3842}, msedge: {msedgedriverVersion: 111.0.1661.43 (b6e9cbf64f5a..., userDataDir: C:\Users\HP\AppData\Local\T...}, networkConnectionEnabled: false, pageLoadStrategy: normal, platformName: WINDOWS, proxy: Proxy(), se:cdp: ws://localhost:3842/devtool..., se:cdpVersion: 111.0.1661.41, setWindowRect: true, strictFileInteractability: false, timeouts: {implicit: 0, pageLoad: 300000, script: 30000}, unhandledPromptBehavior: dismiss and notify, webauthn:extension:credBlob: true, webauthn:extension:largeBlob: true, webauthn:extension:minPinLength: true, webauthn:extension:prf: true, webauthn:virtualAuthenticators: true}
Session ID: 0d523fd3e94f4be2fbca1e9cc962912c">
      <![CDATA[org.openqa.selenium.NoSuchWindowException: no such window: target window already closed
from unknown error: web view not found
  (Session info: MicrosoftEdge=111.0.1661.41)
Build info: version: '4.6.0', revision: '79f1c02ae20'
System info: os.name: 'Windows 10', os.arch: 'amd64', os.version: '10.0', java.version: '1.8.0_202'
Driver info: org.openqa.selenium.edge.EdgeDriver
Command: [0d523fd3e94f4be2fbca1e9cc962912c, findElements {using=xpath, value=//td}]
Capabilities {acceptInsecureCerts: false, browserName: msedge, browserVersion: 111.0.1661.41, ms:edgeOptions: {debuggerAddress: localhost:3842}, msedge: {msedgedriverVersion: 111.0.1661.43 (b6e9cbf64f5a..., userDataDir: C:\Users\HP\AppData\Local\T...}, networkConnectionEnabled: false, pageLoadStrategy: normal, platformName: WINDOWS, proxy: Proxy(), se:cdp: ws://localhost:3842/devtool..., se:cdpVersion: 111.0.1661.41, setWindowRect: true, strictFileInteractability: false, timeouts: {implicit: 0, pageLoad: 300000, script: 30000}, unhandledPromptBehavior: dismiss and notify, webauthn:extension:credBlob: true, webauthn:extension:largeBlob: true, webauthn:extension:minPinLength: true, webauthn:extension:prf: true, webauthn:virtualAuthenticators: true}
Session ID: 0d523fd3e94f4be2fbca1e9cc962912c
at sun.reflect.NativeConstructorAccessorImpl.newInstance0(Native Method)
at sun.reflect.NativeConstructorAccessorImpl.newInstance(NativeConstructorAccessorImpl.java:62)
at sun.reflect.DelegatingConstructorAccessorImpl.newInstance(DelegatingConstructorAccessorImpl.java:45)
at java.lang.reflect.Constructor.newInstance(Constructor.java:423)
at org.openqa.selenium.remote.codec.w3c.W3CHttpResponseCodec.createException(W3CHttpResponseCodec.java:200)
at org.openqa.selenium.remote.codec.w3c.W3CHttpResponseCodec.decode(W3CHttpResponseCodec.java:133)
at org.openqa.selenium.remote.codec.w3c.W3CHttpResponseCodec.decode(W3CHttpResponseCodec.java:53)
at org.openqa.selenium.remote.HttpCommandExecutor.execute(HttpCommandExecutor.java:184)
at org.openqa.selenium.remote.service.DriverCommandExecutor.invokeExecute(DriverCommandExecutor.java:167)
at org.openqa.selenium.remote.service.DriverCommandExecutor.execute(DriverCommandExecutor.java:142)
at org.openqa.selenium.remote.RemoteWebDriver.execute(RemoteWebDriver.java:541)
at org.openqa.selenium.remote.ElementLocation$ElementFinder$2.findElements(ElementLocation.java:179)
at org.openqa.selenium.remote.ElementLocation.findElements(ElementLocation.java:102)
at org.openqa.selenium.remote.RemoteWebDriver.findElements(RemoteWebDriver.java:380)
at org.openqa.selenium.remote.RemoteWebDriver.findElements(RemoteWebDriver.java:372)
at stepsDefs.DemoBlazeStepDef.user_is_on_cart_page(DemoBlazeStepDef.java:81)
at ✽.User is on Cart Page(file:///D:/SDET%20training%20WS/CucumberCaseStudy/src/test/resources/features/demoBlazeBDD.feature:20)
]]>
    </error>
  </testcase> <!-- runScenario -->
  <system-out/>
  <testcase name="runScenario" time="50.091" classname="runners.DemoBlazeRunner">
    <error type="org.openqa.selenium.TimeoutException" message="timeout: Timed out receiving message from renderer: -0.004
  (Session info: MicrosoftEdge=111.0.1661.41)
Build info: version: &#039;4.6.0&#039;, revision: &#039;79f1c02ae20&#039;
System info: os.name: &#039;Windows 10&#039;, os.arch: &#039;amd64&#039;, os.version: &#039;10.0&#039;, java.version: &#039;1.8.0_202&#039;
Driver info: org.openqa.selenium.edge.EdgeDriver
Command: [0d523fd3e94f4be2fbca1e9cc962912c, get {url=https://www.demoblaze.com/index.html}]
Capabilities {acceptInsecureCerts: false, browserName: msedge, browserVersion: 111.0.1661.41, ms:edgeOptions: {debuggerAddress: localhost:3842}, msedge: {msedgedriverVersion: 111.0.1661.43 (b6e9cbf64f5a..., userDataDir: C:\Users\HP\AppData\Local\T...}, networkConnectionEnabled: false, pageLoadStrategy: normal, platformName: WINDOWS, proxy: Proxy(), se:cdp: ws://localhost:3842/devtool..., se:cdpVersion: 111.0.1661.41, setWindowRect: true, strictFileInteractability: false, timeouts: {implicit: 0, pageLoad: 300000, script: 30000}, unhandledPromptBehavior: dismiss and notify, webauthn:extension:credBlob: true, webauthn:extension:largeBlob: true, webauthn:extension:minPinLength: true, webauthn:extension:prf: true, webauthn:virtualAuthenticators: true}
Session ID: 0d523fd3e94f4be2fbca1e9cc962912c">
      <![CDATA[org.openqa.selenium.TimeoutException: timeout: Timed out receiving message from renderer: -0.004
  (Session info: MicrosoftEdge=111.0.1661.41)
Build info: version: '4.6.0', revision: '79f1c02ae20'
System info: os.name: 'Windows 10', os.arch: 'amd64', os.version: '10.0', java.version: '1.8.0_202'
Driver info: org.openqa.selenium.edge.EdgeDriver
Command: [0d523fd3e94f4be2fbca1e9cc962912c, get {url=https://www.demoblaze.com/index.html}]
Capabilities {acceptInsecureCerts: false, browserName: msedge, browserVersion: 111.0.1661.41, ms:edgeOptions: {debuggerAddress: localhost:3842}, msedge: {msedgedriverVersion: 111.0.1661.43 (b6e9cbf64f5a..., userDataDir: C:\Users\HP\AppData\Local\T...}, networkConnectionEnabled: false, pageLoadStrategy: normal, platformName: WINDOWS, proxy: Proxy(), se:cdp: ws://localhost:3842/devtool..., se:cdpVersion: 111.0.1661.41, setWindowRect: true, strictFileInteractability: false, timeouts: {implicit: 0, pageLoad: 300000, script: 30000}, unhandledPromptBehavior: dismiss and notify, webauthn:extension:credBlob: true, webauthn:extension:largeBlob: true, webauthn:extension:minPinLength: true, webauthn:extension:prf: true, webauthn:virtualAuthenticators: true}
Session ID: 0d523fd3e94f4be2fbca1e9cc962912c
at sun.reflect.NativeConstructorAccessorImpl.newInstance0(Native Method)
at sun.reflect.NativeConstructorAccessorImpl.newInstance(NativeConstructorAccessorImpl.java:62)
at sun.reflect.DelegatingConstructorAccessorImpl.newInstance(DelegatingConstructorAccessorImpl.java:45)
at java.lang.reflect.Constructor.newInstance(Constructor.java:423)
at org.openqa.selenium.remote.codec.w3c.W3CHttpResponseCodec.createException(W3CHttpResponseCodec.java:200)
at org.openqa.selenium.remote.codec.w3c.W3CHttpResponseCodec.decode(W3CHttpResponseCodec.java:133)
at org.openqa.selenium.remote.codec.w3c.W3CHttpResponseCodec.decode(W3CHttpResponseCodec.java:53)
at org.openqa.selenium.remote.HttpCommandExecutor.execute(HttpCommandExecutor.java:184)
at org.openqa.selenium.remote.service.DriverCommandExecutor.invokeExecute(DriverCommandExecutor.java:167)
at org.openqa.selenium.remote.service.DriverCommandExecutor.execute(DriverCommandExecutor.java:142)
at org.openqa.selenium.remote.RemoteWebDriver.execute(RemoteWebDriver.java:541)
at org.openqa.selenium.remote.RemoteWebDriver.get(RemoteWebDriver.java:310)
at stepsDefs.DemoBlazeStepDef.user_is_on_launch_page(DemoBlazeStepDef.java:36)
at ✽.User is on Launch Page(file:///D:/SDET%20training%20WS/CucumberCaseStudy/src/test/resources/features/demoBlazeBDD.feature:9)
]]>
    </error>
  </testcase> <!-- runScenario -->
  <system-out/>
  <testcase name="runScenario" time="86.985" classname="runners.DemoBlazeRunner">
    <error type="org.openqa.selenium.TimeoutException" message="timeout: Timed out receiving message from renderer: 50.000
  (Session info: MicrosoftEdge=111.0.1661.41)
Build info: version: &#039;4.6.0&#039;, revision: &#039;79f1c02ae20&#039;
System info: os.name: &#039;Windows 10&#039;, os.arch: &#039;amd64&#039;, os.version: &#039;10.0&#039;, java.version: &#039;1.8.0_202&#039;
Driver info: org.openqa.selenium.edge.EdgeDriver
Command: [0d523fd3e94f4be2fbca1e9cc962912c, clickElement {id=24e7c821-4077-4982-b1d7-9b2a42f07636}]
Capabilities {acceptInsecureCerts: false, browserName: msedge, browserVersion: 111.0.1661.41, ms:edgeOptions: {debuggerAddress: localhost:3842}, msedge: {msedgedriverVersion: 111.0.1661.43 (b6e9cbf64f5a..., userDataDir: C:\Users\HP\AppData\Local\T...}, networkConnectionEnabled: false, pageLoadStrategy: normal, platformName: WINDOWS, proxy: Proxy(), se:cdp: ws://localhost:3842/devtool..., se:cdpVersion: 111.0.1661.41, setWindowRect: true, strictFileInteractability: false, timeouts: {implicit: 0, pageLoad: 300000, script: 30000}, unhandledPromptBehavior: dismiss and notify, webauthn:extension:credBlob: true, webauthn:extension:largeBlob: true, webauthn:extension:minPinLength: true, webauthn:extension:prf: true, webauthn:virtualAuthenticators: true}
Element: [[EdgeDriver: msedge on WINDOWS (0d523fd3e94f4be2fbca1e9cc962912c)] -&gt; partial link text: Sony vaio i7]
Session ID: 0d523fd3e94f4be2fbca1e9cc962912c">
      <![CDATA[org.openqa.selenium.TimeoutException: timeout: Timed out receiving message from renderer: 50.000
  (Session info: MicrosoftEdge=111.0.1661.41)
Build info: version: '4.6.0', revision: '79f1c02ae20'
System info: os.name: 'Windows 10', os.arch: 'amd64', os.version: '10.0', java.version: '1.8.0_202'
Driver info: org.openqa.selenium.edge.EdgeDriver
Command: [0d523fd3e94f4be2fbca1e9cc962912c, clickElement {id=24e7c821-4077-4982-b1d7-9b2a42f07636}]
Capabilities {acceptInsecureCerts: false, browserName: msedge, browserVersion: 111.0.1661.41, ms:edgeOptions: {debuggerAddress: localhost:3842}, msedge: {msedgedriverVersion: 111.0.1661.43 (b6e9cbf64f5a..., userDataDir: C:\Users\HP\AppData\Local\T...}, networkConnectionEnabled: false, pageLoadStrategy: normal, platformName: WINDOWS, proxy: Proxy(), se:cdp: ws://localhost:3842/devtool..., se:cdpVersion: 111.0.1661.41, setWindowRect: true, strictFileInteractability: false, timeouts: {implicit: 0, pageLoad: 300000, script: 30000}, unhandledPromptBehavior: dismiss and notify, webauthn:extension:credBlob: true, webauthn:extension:largeBlob: true, webauthn:extension:minPinLength: true, webauthn:extension:prf: true, webauthn:virtualAuthenticators: true}
Element: [[EdgeDriver: msedge on WINDOWS (0d523fd3e94f4be2fbca1e9cc962912c)] -> partial link text: Sony vaio i7]
Session ID: 0d523fd3e94f4be2fbca1e9cc962912c
at sun.reflect.NativeConstructorAccessorImpl.newInstance0(Native Method)
at sun.reflect.NativeConstructorAccessorImpl.newInstance(NativeConstructorAccessorImpl.java:62)
at sun.reflect.DelegatingConstructorAccessorImpl.newInstance(DelegatingConstructorAccessorImpl.java:45)
at java.lang.reflect.Constructor.newInstance(Constructor.java:423)
at org.openqa.selenium.remote.codec.w3c.W3CHttpResponseCodec.createException(W3CHttpResponseCodec.java:200)
at org.openqa.selenium.remote.codec.w3c.W3CHttpResponseCodec.decode(W3CHttpResponseCodec.java:133)
at org.openqa.selenium.remote.codec.w3c.W3CHttpResponseCodec.decode(W3CHttpResponseCodec.java:53)
at org.openqa.selenium.remote.HttpCommandExecutor.execute(HttpCommandExecutor.java:184)
at org.openqa.selenium.remote.service.DriverCommandExecutor.invokeExecute(DriverCommandExecutor.java:167)
at org.openqa.selenium.remote.service.DriverCommandExecutor.execute(DriverCommandExecutor.java:142)
at org.openqa.selenium.remote.RemoteWebDriver.execute(RemoteWebDriver.java:541)
at org.openqa.selenium.remote.RemoteWebElement.execute(RemoteWebElement.java:257)
at org.openqa.selenium.remote.RemoteWebElement.click(RemoteWebElement.java:78)
at stepsDefs.DemoBlazeStepDef.user_add_an_to_the_cart(DemoBlazeStepDef.java:59)
at ✽.User add an "Sony vaio i7" to the cart(file:///D:/SDET%20training%20WS/CucumberCaseStudy/src/test/resources/features/demoBlazeBDD.feature:10)
]]>
    </error>
  </testcase> <!-- runScenario -->
  <system-out/>
</testsuite> <!-- runners.DemoBlazeRunner -->
