<?xml version="1.0" encoding="UTF-8"?>
<!-- Generated by org.testng.reporters.JUnitReportReporter -->
<testsuite skipped="0" hostname="SHRI" name="runners.DemoBlazeRunner" tests="6" failures="0" timestamp="2023-03-17T00:11:34 IST" time="28.460" errors="0">
  <testcase name="runScenario" time="7.761" classname="runners.DemoBlazeRunner"/>
  <system-out/>
  <testcase name="runScenario" time="4.905" classname="runners.DemoBlazeRunner"/>
  <system-out/>
  <testcase name="runScenario" time="0.438" classname="runners.DemoBlazeRunner"/>
  <system-out/>
  <testcase name="runScenario" time="7.410" classname="runners.DemoBlazeRunner"/>
  <system-out/>
  <testcase name="runScenario" time="3.597" classname="runners.DemoBlazeRunner"/>
  <system-out/>
  <testcase name="runScenario" time="4.349" classname="runners.DemoBlazeRunner"/>
  <system-out/>
</testsuite> <!-- runners.DemoBlazeRunner -->
