<?xml version="1.0" encoding="UTF-8"?>
<!-- Generated by org.testng.reporters.JUnitReportReporter -->
<testsuite skipped="0" hostname="SHRI" name="runners.DemoBlazeRunner" tests="7" failures="0" timestamp="2023-03-16T17:55:36 IST" time="45.380" errors="0">
  <testcase name="runScenario" time="7.083" classname="runners.DemoBlazeRunner"/>
  <system-out/>
  <testcase name="runScenario" time="6.391" classname="runners.DemoBlazeRunner"/>
  <system-out/>
  <testcase name="runScenario" time="7.752" classname="runners.DemoBlazeRunner"/>
  <system-out/>
  <testcase name="runScenario" time="8.074" classname="runners.DemoBlazeRunner"/>
  <system-out/>
  <testcase name="runScenario" time="5.600" classname="runners.DemoBlazeRunner"/>
  <system-out/>
  <testcase name="runScenario" time="6.812" classname="runners.DemoBlazeRunner"/>
  <system-out/>
  <testcase name="runScenario" time="3.668" classname="runners.DemoBlazeRunner"/>
  <system-out/>
</testsuite> <!-- runners.DemoBlazeRunner -->
