<?xml version="1.0" encoding="UTF-8"?>
<!-- Generated by org.testng.reporters.JUnitReportReporter -->
<testsuite skipped="0" hostname="SHRI" name="runners.DemoBlazeRunner" tests="6" failures="0" timestamp="2023-03-17T00:46:05 IST" time="38.798" errors="0">
  <testcase name="runScenario" time="9.980" classname="runners.DemoBlazeRunner"/>
  <system-out/>
  <testcase name="runScenario" time="5.788" classname="runners.DemoBlazeRunner"/>
  <system-out/>
  <testcase name="runScenario" time="4.418" classname="runners.DemoBlazeRunner"/>
  <system-out/>
  <testcase name="runScenario" time="0.434" classname="runners.DemoBlazeRunner"/>
  <system-out/>
  <testcase name="runScenario" time="11.028" classname="runners.DemoBlazeRunner"/>
  <system-out/>
  <testcase name="runScenario" time="7.150" classname="runners.DemoBlazeRunner"/>
  <system-out/>
</testsuite> <!-- runners.DemoBlazeRunner -->
