<?xml version="1.0" encoding="UTF-8"?>
<!-- Generated by org.testng.reporters.JUnitReportReporter -->
<testsuite skipped="0" hostname="SHRI" name="runners.DemoBlazeRunner" tests="7" failures="0" timestamp="2023-03-16T15:58:08 IST" time="46.734" errors="0">
  <testcase name="runScenario" time="7.196" classname="runners.DemoBlazeRunner"/>
  <system-out/>
  <testcase name="runScenario" time="7.623" classname="runners.DemoBlazeRunner"/>
  <system-out/>
  <testcase name="runScenario" time="8.287" classname="runners.DemoBlazeRunner"/>
  <system-out/>
  <testcase name="runScenario" time="5.208" classname="runners.DemoBlazeRunner"/>
  <system-out/>
  <testcase name="runScenario" time="3.798" classname="runners.DemoBlazeRunner"/>
  <system-out/>
  <testcase name="runScenario" time="7.807" classname="runners.DemoBlazeRunner"/>
  <system-out/>
  <testcase name="runScenario" time="6.815" classname="runners.DemoBlazeRunner"/>
  <system-out/>
</testsuite> <!-- runners.DemoBlazeRunner -->
