<?xml version="1.0" encoding="UTF-8"?>
<!-- Generated by org.testng.reporters.JUnitReportReporter -->
<testsuite skipped="0" hostname="SHRI" name="runners.DemoBlazeRunner" tests="5" failures="0" timestamp="2023-03-16T18:05:51 IST" time="31.760" errors="0">
  <testcase name="runScenario" time="3.810" classname="runners.DemoBlazeRunner"/>
  <system-out/>
  <testcase name="runScenario" time="5.646" classname="runners.DemoBlazeRunner"/>
  <system-out/>
  <testcase name="runScenario" time="8.529" classname="runners.DemoBlazeRunner"/>
  <system-out/>
  <testcase name="runScenario" time="7.878" classname="runners.DemoBlazeRunner"/>
  <system-out/>
  <testcase name="runScenario" time="5.897" classname="runners.DemoBlazeRunner"/>
  <system-out/>
</testsuite> <!-- runners.DemoBlazeRunner -->
